make all --print-data-base --no-builtin-variables --no-builtin-rules --question
# GNU Make 4.3
# Built for x86_64-pc-linux-gnu
# Copyright (C) 1988-2020 Free Software Foundation, Inc.
# License GPLv3+: GNU GPL version 3 or later <http://gnu.org/licenses/gpl.html>
# This is free software: you are free to change and redistribute it.
# There is NO WARRANTY, to the extent permitted by law.

# Make data base, printed on Mon Aug  8 17:13:05 2022

# Variables

# environment
GDK_BACKEND = x11
# environment
LC_ALL = C
# environment
GNOME_SHELL_SESSION_MODE = ubuntu
# environment
SSH_AGENT_LAUNCHER = gnome-keyring
# environment
SNAP_INSTANCE_KEY = 
# environment
GJS_DEBUG_OUTPUT = stderr
# environment
VSCODE_CWD = /home/gabriel-c
# environment
LIBVIRT_DEFAULT_URI = qemu:///system
# default
MAKE_COMMAND := make
# environment
QT_ACCESSIBILITY = 1
# automatic
@D = $(patsubst %/,%,$(dir $@))
# environment
SNAP_INSTANCE_NAME = code
# environment
GDK_PIXBUF_MODULEDIR = /snap/code/103/usr/lib/x86_64-linux-gnu/gdk-pixbuf-2.0/2.10.0/loaders
# environment
VSCODE_HANDLES_UNCAUGHT_ERRORS = true
# default
.VARIABLES := 
# environment
PWD = /home/gabriel-c/VM_STACK
# automatic
%D = $(patsubst %/,%,$(dir $%))
# environment
XDG_DATA_DIRS = /usr/share/ubuntu:/usr/local/share/:/usr/share/:/var/lib/snapd/desktop
# automatic
^D = $(patsubst %/,%,$(dir $^))
# automatic
%F = $(notdir $%)
# environment
CONDA_PROMPT_MODIFIER = (base) 
# environment
VSCODE_CODE_CACHE_PATH = /home/gabriel-c/.config/Code/CachedData/da76f93349a72022ca4670c1b84860304616aaa2
# environment
LANG = C
# environment
XAUTHORITY = /run/user/1000/.mutter-Xwaylandauth.CBLLQ1
# default
.LOADED := 
# default
.INCLUDE_DIRS = /usr/local/include /usr/include /usr/include
# makefile (from 'Makefile', line 51)
CMAKE_COMMAND = /snap/cmake/1132/bin/cmake
# makefile
MAKEFLAGS = pqrR
# makefile
CURDIR := /home/gabriel-c/VM_STACK
# environment
APPLICATION_INSIGHTS_NO_DIAGNOSTIC_CHANNEL = 1
# environment
LESSOPEN = | /usr/bin/lesspipe %s
# automatic
*D = $(patsubst %/,%,$(dir $*))
# environment
MFLAGS = -pqrR
# environment
SSH_AUTH_SOCK = /run/user/1000/keyring/ssh
# default
.SHELLFLAGS := -c
# environment
WAYLAND_DISPLAY = wayland-0
# environment
XDG_CONFIG_DIRS = /etc/xdg/xdg-ubuntu:/etc/xdg
# automatic
+D = $(patsubst %/,%,$(dir $+))
# environment
XDG_SESSION_DESKTOP = ubuntu
# makefile (from 'Makefile', line 1)
MAKEFILE_LIST := Makefile
# environment
CONDA_SHLVL = 1
# makefile (from 'Makefile', line 63)
CMAKE_BINARY_DIR = /home/gabriel-c/VM_STACK
# environment
SNAP_REEXEC = 
# automatic
@F = $(notdir $@)
# environment
VSCODE_PID = 7170
# environment
XDG_SESSION_TYPE = wayland
# automatic
?D = $(patsubst %/,%,$(dir $?))
# environment
BAMF_DESKTOP_FILE_HINT = /var/lib/snapd/desktop/applications/code_code.desktop
# environment
CONDA_PYTHON_EXE = /home/gabriel-c/anaconda3/bin/python
# makefile (from 'Makefile', line 60)
CMAKE_SOURCE_DIR = /home/gabriel-c/VM_STACK
# environment
SESSION_MANAGER = local/gabrielc-Aspire-515-41G:@/tmp/.ICE-unix/2232,unix/gabrielc-Aspire-515-41G:/tmp/.ICE-unix/2232
# automatic
*F = $(notdir $*)
# environment
CHROME_DESKTOP = code-url-handler.desktop
# environment
DBUS_SESSION_BUS_ADDRESS = unix:path=/run/user/1000/bus
# automatic
<D = $(patsubst %/,%,$(dir $<))
# environment
VSCODE_NLS_CONFIG = {"locale":"pt-br","availableLanguages":{"*":"pt-br"},"_languagePackId":"99f206782a767a6d08ad4d4418aea476.pt-br","_translationsConfigFile":"/home/gabriel-c/.config/Code/clp/99f206782a767a6d08ad4d4418aea476.pt-br/tcf.json","_cacheRoot":"/home/gabriel-c/.config/Code/clp/99f206782a767a6d08ad4d4418aea476.pt-br","_resolvedLanguagePackCoreLocation":"/home/gabriel-c/.config/Code/clp/99f206782a767a6d08ad4d4418aea476.pt-br/da76f93349a72022ca4670c1b84860304616aaa2","_corruptedFile":"/home/gabriel-c/.config/Code/clp/99f206782a767a6d08ad4d4418aea476.pt-br/corrupted.info","_languagePackSupport":true}
# default
MAKE_HOST := x86_64-pc-linux-gnu
# environment
GNOME_DESKTOP_SESSION_ID = this-is-deprecated
# environment
CONDA_PREFIX = /home/gabriel-c/anaconda3
# makefile (from 'Makefile', line 48)
SHELL = /bin/sh
# default
MAKECMDGOALS := all
# environment
XMODIFIERS = @im=ibus
# environment
GJS_DEBUG_TOPICS = JS ERROR;JS LOG
# environment
SHLVL = 0
# environment
MAKELEVEL := 0
# environment
IM_CONFIG_CHECK_ENV = 1
# default
MAKE = $(MAKE_COMMAND)
# environment
SNAP_COOKIE = omii950MPRHX7oUHOQyh-Q90dGpDTYctsM1COf00Yql1_1b5p6tF
# environment
PATH = /home/gabriel-c/anaconda3/bin:/home/gabriel-c/anaconda3/condabin:/usr/local/sbin:/usr/local/bin:/usr/sbin:/usr/bin:/sbin:/bin:/usr/games:/usr/local/games:/snap/bin:/snap/bin
# default
MAKEFILES := 
# environment
LANGUAGE = pt_BR:pt:en
# automatic
^F = $(notdir $^)
# environment
SNAP_USER_COMMON = /home/gabriel-c/snap/code/common
# environment
SNAP = /snap/code/103
# environment
INVOCATION_ID = 276d0a0f83464caa824de4a274807c9f
# environment
SNAP_REVISION = 103
# environment
SNAP_REAL_HOME = /home/gabriel-c
# environment
USERNAME = gabriel-c
# environment
GNOME_SETUP_DISPLAY = :1
# environment
LESSCLOSE = /usr/bin/lesspipe %s %s
# automatic
?F = $(notdir $?)
# environment
XDG_CURRENT_DESKTOP = Unity
# environment
LS_COLORS = 
# automatic
+F = $(notdir $+)
# environment
DESKTOP_SESSION = ubuntu
# environment
ORIGINAL_XDG_CURRENT_DESKTOP = ubuntu:GNOME
# 'override' directive
GNUMAKEFLAGS := 
# environment
CONDA_DEFAULT_ENV = base
# makefile (from 'Makefile', line 57)
EQUALS = =
# environment
LOGNAME = gabriel-c
# environment
GIO_LAUNCHED_DESKTOP_FILE = /var/lib/snapd/desktop/applications/code_code.desktop
# environment
SNAP_ARCH = amd64
# makefile
.DEFAULT_GOAL := default_target
# environment
SYSTEMD_EXEC_PID = 2287
# makefile (from 'Makefile', line 54)
RM = /snap/cmake/1132/bin/cmake -E rm -f
# environment
DISPLAY = :0
# environment
USER = gabriel-c
# environment
GTK_MODULES = gail:atk-bridge
# default
MAKE_VERSION := 4.3
# environment
DISABLE_WAYLAND = 1
# environment
SNAP_DATA = /var/snap/code/103
# environment
SNAP_CONTEXT = omii950MPRHX7oUHOQyh-Q90dGpDTYctsM1COf00Yql1_1b5p6tF
# environment
MANAGERPID = 2023
# environment
GIO_LAUNCHED_DESKTOP_FILE_PID = 7125
# makefile (from 'Makefile', line 35)
MAKESILENT = -s
# environment
_ = /snap/code/103/usr/share/code/code
# environment
XDG_RUNTIME_DIR = /run/user/1000
# environment
GDK_PIXBUF_MODULE_FILE = /home/gabriel-c/snap/code/common/.cache/gdk-pixbuf-loaders.cache
# environment
_CE_M = 
# environment
JOURNAL_STREAM = 8:40057
# environment
XDG_SESSION_CLASS = user
# environment
VSCODE_AMD_ENTRYPOINT = vs/workbench/api/node/extensionHostProcess
# environment
HOME = /home/gabriel-c
# environment
QT_IM_MODULE = ibus
# environment
ELECTRON_RUN_AS_NODE = 1
# environment
VSCODE_IPC_HOOK = /run/user/1000/vscode-6388fc54-1.70.0-main.sock
# environment
SNAP_NAME = code
# environment
GSETTINGS_SCHEMA_DIR = /snap/code/103/usr/share/glib-2.0/schemas
# environment
IM_CONFIG_PHASE = 1
# default
.RECIPEPREFIX := 
# automatic
<F = $(notdir $<)
# environment
SNAP_VERSION = da76f933
# default
SUFFIXES := 
# environment
VSCODE_CLI = 1
# environment
ELECTRON_NO_ATTACH_CONSOLE = 1
# environment
SNAP_COMMON = /var/snap/code/common
# default
.FEATURES := target-specific order-only second-expansion else-if shortest-stem undefine oneshell nocomment grouped-target extra-prereqs archives jobserver output-sync check-symlink load
# environment
SNAP_USER_DATA = /home/gabriel-c/snap/code/103
# environment
XDG_MENU_PREFIX = gnome-
# environment
CONDA_EXE = /home/gabriel-c/anaconda3/bin/conda
# environment
_CE_CONDA = 
# environment
GDMSESSION = ubuntu
# environment
SNAP_LIBRARY_PATH = /var/lib/snapd/lib/gl:/var/lib/snapd/lib/gl32:/var/lib/snapd/void
# variable set hash-table stats:
 
# Load=133/1024=13%, Rehash=0, Collisions=5/172=3%

# Pattern-specific Variable Values

# No pattern-specific variable values.

# Directories

# RCS: could not be stat'd.
# SCCS: could not be stat'd.
# . (device 2051, inode 23332521): 16 files, no impossibilities.

# 16 files, no impossibilities in 3 directories.

# Implicit Rules

%: %,v

%: RCS/%

%: RCS/%,v

%: SCCS/s.%

%: s.%

%.hpux_make_needs_suffix_list:

# 6 implicit rules, 0 (0.0%) terminal.
# Files

depend:
#  Phony target (prerequisite of .PHONY).
#  Implicit rule search has not been done.
#  File does not exist.
#  File has not been updated.
#  recipe to execute (from 'Makefile', line 116):
	$(CMAKE_COMMAND) -S$(CMAKE_SOURCE_DIR) -B$(CMAKE_BINARY_DIR) --check-build-system CMakeFiles/Makefile.cmake 1

default_target: all
#  Phony target (prerequisite of .PHONY).
#  Implicit rule search has not been done.
#  File does not exist.
#  File has not been updated.

vm_stack/vm_stack.cpp.s:
#  Phony target (prerequisite of .PHONY).
#  Implicit rule search has not been done.
#  File does not exist.
#  File has not been updated.
#  recipe to execute (from 'Makefile', line 177):
	$(MAKE) $(MAKESILENT) -f CMakeFiles/StackVM.dir/build.make CMakeFiles/StackVM.dir/vm_stack/vm_stack.cpp.s

edit_cache/fast: edit_cache
#  Phony target (prerequisite of .PHONY).
#  Implicit rule search has not been done.
#  File does not exist.
#  File has not been updated.

vm_stack/main.i: vm_stack/main.cpp.i
#  Phony target (prerequisite of .PHONY).
#  Implicit rule search has not been done.
#  File does not exist.
#  File has not been updated.

# Not a target:
Makefile:
#  Implicit rule search has been done.
#  Last modified 2022-07-30 17:13:23.072831046
#  File has been updated.
#  Successfully updated.

rebuild_cache:
#  Phony target (prerequisite of .PHONY).
#  Implicit rule search has not been done.
#  File does not exist.
#  File has not been updated.
#  recipe to execute (from 'Makefile', line 80):
	@$(CMAKE_COMMAND) -E cmake_echo_color --switch=$(COLOR) --cyan "Running CMake to regenerate build system..."
	/snap/cmake/1132/bin/cmake --regenerate-during-build -S$(CMAKE_SOURCE_DIR) -B$(CMAKE_BINARY_DIR)

vm_stack/main.cpp.s:
#  Phony target (prerequisite of .PHONY).
#  Implicit rule search has not been done.
#  File does not exist.
#  File has not been updated.
#  recipe to execute (from 'Makefile', line 153):
	$(MAKE) $(MAKESILENT) -f CMakeFiles/StackVM.dir/build.make CMakeFiles/StackVM.dir/vm_stack/main.cpp.s

.SILENT:
#  Implicit rule search has not been done.
#  Modification time never checked.
#  File has not been updated.

vm_stack/main.cpp.o:
#  Phony target (prerequisite of .PHONY).
#  Implicit rule search has not been done.
#  File does not exist.
#  File has not been updated.
#  recipe to execute (from 'Makefile', line 137):
	$(MAKE) $(MAKESILENT) -f CMakeFiles/StackVM.dir/build.make CMakeFiles/StackVM.dir/vm_stack/main.cpp.o

clean:
#  Phony target (prerequisite of .PHONY).
#  Implicit rule search has not been done.
#  File does not exist.
#  File has not been updated.
#  recipe to execute (from 'Makefile', line 97):
	$(MAKE) $(MAKESILENT) -f CMakeFiles/Makefile2 clean

cmake_force:
#  Phony target (prerequisite of .PHONY).
#  Implicit rule search has not been done.
#  File does not exist.
#  File has not been updated.

preinstall/fast:
#  Phony target (prerequisite of .PHONY).
#  Implicit rule search has not been done.
#  File does not exist.
#  File has not been updated.
#  recipe to execute (from 'Makefile', line 111):
	$(MAKE) $(MAKESILENT) -f CMakeFiles/Makefile2 preinstall

edit_cache:
#  Phony target (prerequisite of .PHONY).
#  Implicit rule search has not been done.
#  File does not exist.
#  File has not been updated.
#  recipe to execute (from 'Makefile', line 70):
	@$(CMAKE_COMMAND) -E cmake_echo_color --switch=$(COLOR) --cyan "Running CMake cache editor..."
	/snap/cmake/1132/bin/ccmake -S$(CMAKE_SOURCE_DIR) -B$(CMAKE_BINARY_DIR)

vm_stack/vm_stack.s: vm_stack/vm_stack.cpp.s
#  Phony target (prerequisite of .PHONY).
#  Implicit rule search has not been done.
#  File does not exist.
#  File has not been updated.

StackVM/fast:
#  Phony target (prerequisite of .PHONY).
#  Implicit rule search has not been done.
#  File does not exist.
#  File has not been updated.
#  recipe to execute (from 'Makefile', line 129):
	$(MAKE) $(MAKESILENT) -f CMakeFiles/StackVM.dir/build.make CMakeFiles/StackVM.dir/build

StackVM: cmake_check_build_system
#  Phony target (prerequisite of .PHONY).
#  Implicit rule search has not been done.
#  File does not exist.
#  File has not been updated.
#  recipe to execute (from 'Makefile', line 124):
	$(MAKE) $(MAKESILENT) -f CMakeFiles/Makefile2 StackVM

rebuild_cache/fast: rebuild_cache
#  Phony target (prerequisite of .PHONY).
#  Implicit rule search has not been done.
#  File does not exist.
#  File has not been updated.

# Not a target:
.hpux_make_needs_suffix_list:
#  Implicit rule search has not been done.
#  Modification time never checked.
#  File has not been updated.

preinstall: all
#  Phony target (prerequisite of .PHONY).
#  Implicit rule search has not been done.
#  File does not exist.
#  File has not been updated.
#  recipe to execute (from 'Makefile', line 106):
	$(MAKE) $(MAKESILENT) -f CMakeFiles/Makefile2 preinstall

# Not a target:
.DEFAULT:
#  Implicit rule search has not been done.
#  Modification time never checked.
#  File has not been updated.

vm_stack/main.s: vm_stack/main.cpp.s
#  Phony target (prerequisite of .PHONY).
#  Implicit rule search has not been done.
#  File does not exist.
#  File has not been updated.

all: cmake_check_build_system
#  Phony target (prerequisite of .PHONY).
#  Command line target.
#  Implicit rule search has not been done.
#  File does not exist.
#  File has been updated.
#  Needs to be updated (-q is set).
# variable set hash-table stats:
# Load=0/32=0%, Rehash=0, Collisions=0/6=0%
#  recipe to execute (from 'Makefile', line 90):
	$(CMAKE_COMMAND) -E cmake_progress_start /home/gabriel-c/VM_STACK/CMakeFiles /home/gabriel-c/VM_STACK//CMakeFiles/progress.marks
	$(MAKE) $(MAKESILENT) -f CMakeFiles/Makefile2 all
	$(CMAKE_COMMAND) -E cmake_progress_start /home/gabriel-c/VM_STACK/CMakeFiles 0

help:
#  Phony target (prerequisite of .PHONY).
#  Implicit rule search has not been done.
#  File does not exist.
#  File has not been updated.
#  recipe to execute (from 'Makefile', line 182):
	@echo "The following are some of the valid targets for this Makefile:"
	@echo "... all (the default if no target is provided)"
	@echo "... clean"
	@echo "... depend"
	@echo "... edit_cache"
	@echo "... rebuild_cache"
	@echo "... StackVM"
	@echo "... vm_stack/main.o"
	@echo "... vm_stack/main.i"
	@echo "... vm_stack/main.s"
	@echo "... vm_stack/vm_stack.o"
	@echo "... vm_stack/vm_stack.i"
	@echo "... vm_stack/vm_stack.s"

clean/fast: clean
#  Phony target (prerequisite of .PHONY).
#  Implicit rule search has not been done.
#  File does not exist.
#  File has not been updated.

vm_stack/vm_stack.o: vm_stack/vm_stack.cpp.o
#  Phony target (prerequisite of .PHONY).
#  Implicit rule search has not been done.
#  File does not exist.
 
#  File has not been updated.

vm_stack/vm_stack.cpp.o:
#  Phony target (prerequisite of .PHONY).
#  Implicit rule search has not been done.
#  File does not exist.
#  File has not been updated.
#  recipe to execute (from 'Makefile', line 161):
	$(MAKE) $(MAKESILENT) -f CMakeFiles/StackVM.dir/build.make CMakeFiles/StackVM.dir/vm_stack/vm_stack.cpp.o

vm_stack/main.cpp.i:
#  Phony target (prerequisite of .PHONY).
#  Implicit rule search has not been done.
#  File does not exist.
#  File has not been updated.
#  recipe to execute (from 'Makefile', line 145):
	$(MAKE) $(MAKESILENT) -f CMakeFiles/StackVM.dir/build.make CMakeFiles/StackVM.dir/vm_stack/main.cpp.i

.NOTPARALLEL:
#  Implicit rule search has not been done.
#  Modification time never checked.
#  File has not been updated.

vm_stack/main.o: vm_stack/main.cpp.o
#  Phony target (prerequisite of .PHONY).
#  Implicit rule search has not been done.
#  File does not exist.
#  File has not been updated.

cmake_check_build_system:
#  Phony target (prerequisite of .PHONY).
#  Implicit rule search has not been done.
#  Implicit/static pattern stem: ''
#  File does not exist.
#  File has been updated.
#  Needs to be updated (-q is set).
# automatic
# @ := cmake_check_build_system
# automatic
# * := 
# automatic
# < := 
# automatic
# + := 
# automatic
# % := 
# automatic
# ^ := 
# automatic
# ? := 
# automatic
# | := 
# variable set hash-table stats:
# Load=8/32=25%, Rehash=0, Collisions=1/14=7%
#  recipe to execute (from 'Makefile', line 206):
	$(CMAKE_COMMAND) -S$(CMAKE_SOURCE_DIR) -B$(CMAKE_BINARY_DIR) --check-build-system CMakeFiles/Makefile.cmake 0

vm_stack/vm_stack.i: vm_stack/vm_stack.cpp.i
#  Phony target (prerequisite of .PHONY).
#  Implicit rule search has not been done.
#  File does not exist.
#  File has not been updated.

.SUFFIXES: .hpux_make_needs_suffix_list
#  Implicit rule search has not been done.
#  Modification time never checked.
#  File has not been updated.

.PHONY: default_target cmake_force edit_cache edit_cache/fast rebuild_cache rebuild_cache/fast all clean clean/fast preinstall preinstall/fast depend StackVM StackVM/fast vm_stack/main.o vm_stack/main.cpp.o vm_stack/main.i vm_stack/main.cpp.i vm_stack/main.s vm_stack/main.cpp.s vm_stack/vm_stack.o vm_stack/vm_stack.cpp.o vm_stack/vm_stack.i vm_stack/vm_stack.cpp.i vm_stack/vm_stack.s vm_stack/vm_stack.cpp.s help cmake_check_build_system
#  Implicit rule search has not been done.
#  Modification time never checked.
#  File has not been updated.

vm_stack/vm_stack.cpp.i:
#  Phony target (prerequisite of .PHONY).
#  Implicit rule search has not been done.
#  File does not exist.
#  File has not been updated.
#  recipe to execute (from 'Makefile', line 169):
	$(MAKE) $(MAKESILENT) -f CMakeFiles/StackVM.dir/build.make CMakeFiles/StackVM.dir/vm_stack/vm_stack.cpp.i

# files hash-table stats:
# Load=35/1024=3%, Rehash=0, Collisions=0/125=0%
# VPATH Search Paths

# No 'vpath' search paths.

# No general ('VPATH' variable) search path.

# strcache buffers: 1 (0) / strings = 61 / storage = 764 B / avg = 12 B
# current buf: size = 8162 B / used = 764 B / count = 61 / avg = 12 B

# strcache performance: lookups = 201 / hit rate = 69%
# hash-table stats:
# Load=61/8192=1%, Rehash=0, Collisions=0/201=0%
# Finished Make data base on Mon Aug  8 17:13:05 2022

 
